DEBUG:2024-10-19 14:28:55,362:Starting new HTTPS connection (1): api.cloudinary.com:443
DEBUG:2024-10-19 14:29:01,620:https://api.cloudinary.com:443 "POST /v1_1/dxcb59rb3/raw/upload HTTP/11" 200 None
DEBUG:2024-10-19 14:29:01,635:Starting new HTTP connection (1): res.cloudinary.com:80
DEBUG:2024-10-19 14:29:02,343:http://res.cloudinary.com:80 "GET /dxcb59rb3/raw/upload/v1729344541/i3sdksu9r5busum6mdlo.pdf HTTP/11" 401 0
DEBUG:2024-10-19 14:32:33,975:Starting new HTTPS connection (1): api.cloudinary.com:443
DEBUG:2024-10-19 14:32:39,524:https://api.cloudinary.com:443 "POST /v1_1/dxcb59rb3/raw/upload HTTP/11" 200 None
DEBUG:2024-10-19 14:33:45,969:Starting new HTTPS connection (1): api.cloudinary.com:443
DEBUG:2024-10-19 14:33:56,986:https://api.cloudinary.com:443 "POST /v1_1/dxcb59rb3/raw/upload HTTP/11" 200 None
DEBUG:2024-10-19 14:33:57,001:Starting new HTTP connection (1): res.cloudinary.com:80
DEBUG:2024-10-19 14:33:57,774:http://res.cloudinary.com:80 "GET /dxcb59rb3/raw/upload/v1729344836/k7kejrvqakb4eqjtkda1.pdf HTTP/11" 401 0
DEBUG:2024-10-19 14:37:31,687:Starting new HTTPS connection (1): api.cloudinary.com:443
DEBUG:2024-10-19 14:37:35,748:https://api.cloudinary.com:443 "POST /v1_1/dxcb59rb3/raw/upload HTTP/11" 200 None
DEBUG:2024-10-19 14:37:35,760:Starting new HTTP connection (1): res.cloudinary.com:80
DEBUG:2024-10-19 14:37:36,694:http://res.cloudinary.com:80 "GET /dxcb59rb3/raw/upload/v1729345055/jsoojrpwfk4lgsmajed1.pdf HTTP/11" 401 0
DEBUG:2024-10-19 14:38:12,007:Starting new HTTPS connection (1): api.cloudinary.com:443
DEBUG:2024-10-19 14:38:20,521:https://api.cloudinary.com:443 "POST /v1_1/dxcb59rb3/raw/upload HTTP/11" 200 None
DEBUG:2024-10-19 14:38:20,532:Starting new HTTP connection (1): res.cloudinary.com:80
DEBUG:2024-10-19 14:38:21,218:http://res.cloudinary.com:80 "GET /dxcb59rb3/raw/upload/v1729345099/jv5ruhuboe936z6ho3g0.pdf HTTP/11" 401 0
DEBUG:2024-10-19 14:51:25,281:Starting new HTTPS connection (1): api.cloudinary.com:443
DEBUG:2024-10-19 14:51:34,861:https://api.cloudinary.com:443 "POST /v1_1/dxcb59rb3/raw/upload HTTP/11" 200 None
DEBUG:2024-10-19 14:51:34,874:Starting new HTTPS connection (1): github.com:443
DEBUG:2024-10-19 14:51:35,673:https://github.com:443 "GET /user-attachments/files/17445453/Jeremiah-louis.Journal.pdf HTTP/11" 302 0
DEBUG:2024-10-19 14:51:35,680:Starting new HTTPS connection (1): objects.githubusercontent.com:443
DEBUG:2024-10-19 14:51:36,946:https://objects.githubusercontent.com:443 "GET /github-production-repository-file-5c1aeb/832810328/17445453?X-Amz-Algorithm=AWS4-HMAC-SHA256&X-Amz-Credential=AKIAVCODYLSA53PQK4ZA%2F20241019%2Fus-east-1%2Fs3%2Faws4_request&X-Amz-Date=20241019T135135Z&X-Amz-Expires=300&X-Amz-Signature=2caaa19f06b17b923bd720e89d0681157d7a59eba6534081b8a2ff0916c0a4aa&X-Amz-SignedHeaders=host&response-content-disposition=attachment%3Bfilename%3DJeremiah-louis.Journal.pdf&response-content-type=application%2Fpdf HTTP/11" 200 1220892
DEBUG:2024-10-19 14:55:13,965:Starting new HTTPS connection (1): api.cloudinary.com:443
DEBUG:2024-10-19 14:55:20,040:https://api.cloudinary.com:443 "POST /v1_1/dxcb59rb3/raw/upload HTTP/11" 200 None
DEBUG:2024-10-19 14:55:21,863:https://api.cloudinary.com:443 "POST /v1_1/dxcb59rb3/image/upload HTTP/11" 200 None
DEBUG:2024-10-19 14:55:23,828:https://api.cloudinary.com:443 "POST /v1_1/dxcb59rb3/image/upload HTTP/11" 200 None
DEBUG:2024-10-19 14:55:25,262:https://api.cloudinary.com:443 "POST /v1_1/dxcb59rb3/image/upload HTTP/11" 200 None
DEBUG:2024-10-19 14:55:26,633:https://api.cloudinary.com:443 "POST /v1_1/dxcb59rb3/image/upload HTTP/11" 200 None
DEBUG:2024-10-19 14:55:28,130:https://api.cloudinary.com:443 "POST /v1_1/dxcb59rb3/image/upload HTTP/11" 200 None
DEBUG:2024-10-19 14:55:29,768:https://api.cloudinary.com:443 "POST /v1_1/dxcb59rb3/image/upload HTTP/11" 200 None
DEBUG:2024-10-19 14:55:30,987:https://api.cloudinary.com:443 "POST /v1_1/dxcb59rb3/image/upload HTTP/11" 200 None
DEBUG:2024-10-19 14:55:32,782:https://api.cloudinary.com:443 "POST /v1_1/dxcb59rb3/image/upload HTTP/11" 200 None
DEBUG:2024-10-19 14:55:34,171:https://api.cloudinary.com:443 "POST /v1_1/dxcb59rb3/image/upload HTTP/11" 200 None
DEBUG:2024-10-19 14:55:35,195:https://api.cloudinary.com:443 "POST /v1_1/dxcb59rb3/image/upload HTTP/11" 200 None
DEBUG:2024-10-19 14:55:37,353:https://api.cloudinary.com:443 "POST /v1_1/dxcb59rb3/image/upload HTTP/11" 200 None
DEBUG:2024-10-19 14:55:39,394:https://api.cloudinary.com:443 "POST /v1_1/dxcb59rb3/image/upload HTTP/11" 200 None
DEBUG:2024-10-19 14:55:41,339:https://api.cloudinary.com:443 "POST /v1_1/dxcb59rb3/image/upload HTTP/11" 200 None
DEBUG:2024-10-19 14:55:42,631:https://api.cloudinary.com:443 "POST /v1_1/dxcb59rb3/image/upload HTTP/11" 200 None
DEBUG:2024-10-19 14:55:44,057:https://api.cloudinary.com:443 "POST /v1_1/dxcb59rb3/image/upload HTTP/11" 200 None
DEBUG:2024-10-19 14:55:46,458:https://api.cloudinary.com:443 "POST /v1_1/dxcb59rb3/image/upload HTTP/11" 200 None
DEBUG:2024-10-19 14:55:48,400:https://api.cloudinary.com:443 "POST /v1_1/dxcb59rb3/image/upload HTTP/11" 200 None
DEBUG:2024-10-19 14:55:49,727:https://api.cloudinary.com:443 "POST /v1_1/dxcb59rb3/image/upload HTTP/11" 200 None
DEBUG:2024-10-19 14:55:51,272:https://api.cloudinary.com:443 "POST /v1_1/dxcb59rb3/image/upload HTTP/11" 200 None
DEBUG:2024-10-19 14:55:53,525:https://api.cloudinary.com:443 "POST /v1_1/dxcb59rb3/image/upload HTTP/11" 200 None
DEBUG:2024-10-19 14:55:55,906:https://api.cloudinary.com:443 "POST /v1_1/dxcb59rb3/image/upload HTTP/11" 200 None
DEBUG:2024-10-19 14:55:57,350:https://api.cloudinary.com:443 "POST /v1_1/dxcb59rb3/image/upload HTTP/11" 200 None
DEBUG:2024-10-19 14:55:58,642:https://api.cloudinary.com:443 "POST /v1_1/dxcb59rb3/image/upload HTTP/11" 200 None
DEBUG:2024-10-19 14:55:59,987:https://api.cloudinary.com:443 "POST /v1_1/dxcb59rb3/image/upload HTTP/11" 200 None
DEBUG:2024-10-19 14:56:01,716:https://api.cloudinary.com:443 "POST /v1_1/dxcb59rb3/image/upload HTTP/11" 200 None
DEBUG:2024-10-19 14:56:03,254:https://api.cloudinary.com:443 "POST /v1_1/dxcb59rb3/image/upload HTTP/11" 200 None
DEBUG:2024-10-19 14:56:40,826:Starting new HTTPS connection (1): api.cloudinary.com:443
DEBUG:2024-10-19 14:56:46,427:https://api.cloudinary.com:443 "POST /v1_1/dxcb59rb3/raw/upload HTTP/11" 200 None
DEBUG:2024-10-19 14:56:48,123:https://api.cloudinary.com:443 "POST /v1_1/dxcb59rb3/image/upload HTTP/11" 200 None
DEBUG:2024-10-19 14:56:50,186:https://api.cloudinary.com:443 "POST /v1_1/dxcb59rb3/image/upload HTTP/11" 200 None
DEBUG:2024-10-19 14:56:51,453:https://api.cloudinary.com:443 "POST /v1_1/dxcb59rb3/image/upload HTTP/11" 200 None
DEBUG:2024-10-19 14:56:52,299:https://api.cloudinary.com:443 "POST /v1_1/dxcb59rb3/image/upload HTTP/11" 200 None
DEBUG:2024-10-19 14:56:53,697:https://api.cloudinary.com:443 "POST /v1_1/dxcb59rb3/image/upload HTTP/11" 200 None
DEBUG:2024-10-19 14:56:55,094:https://api.cloudinary.com:443 "POST /v1_1/dxcb59rb3/image/upload HTTP/11" 200 None
DEBUG:2024-10-19 14:56:56,275:https://api.cloudinary.com:443 "POST /v1_1/dxcb59rb3/image/upload HTTP/11" 200 None
DEBUG:2024-10-19 14:56:57,610:https://api.cloudinary.com:443 "POST /v1_1/dxcb59rb3/image/upload HTTP/11" 200 None
DEBUG:2024-10-19 14:56:59,074:https://api.cloudinary.com:443 "POST /v1_1/dxcb59rb3/image/upload HTTP/11" 200 None
DEBUG:2024-10-19 14:56:59,919:https://api.cloudinary.com:443 "POST /v1_1/dxcb59rb3/image/upload HTTP/11" 200 None
DEBUG:2024-10-19 14:57:01,606:https://api.cloudinary.com:443 "POST /v1_1/dxcb59rb3/image/upload HTTP/11" 200 None
DEBUG:2024-10-19 14:57:03,494:https://api.cloudinary.com:443 "POST /v1_1/dxcb59rb3/image/upload HTTP/11" 200 None
DEBUG:2024-10-19 14:57:04,818:https://api.cloudinary.com:443 "POST /v1_1/dxcb59rb3/image/upload HTTP/11" 200 None
DEBUG:2024-10-19 14:57:06,169:https://api.cloudinary.com:443 "POST /v1_1/dxcb59rb3/image/upload HTTP/11" 200 None
DEBUG:2024-10-19 14:57:07,184:https://api.cloudinary.com:443 "POST /v1_1/dxcb59rb3/image/upload HTTP/11" 200 None
DEBUG:2024-10-19 14:57:09,205:https://api.cloudinary.com:443 "POST /v1_1/dxcb59rb3/image/upload HTTP/11" 200 None
DEBUG:2024-10-19 14:57:11,546:https://api.cloudinary.com:443 "POST /v1_1/dxcb59rb3/image/upload HTTP/11" 200 None
DEBUG:2024-10-19 14:57:12,774:https://api.cloudinary.com:443 "POST /v1_1/dxcb59rb3/image/upload HTTP/11" 200 None
DEBUG:2024-10-19 14:57:14,051:https://api.cloudinary.com:443 "POST /v1_1/dxcb59rb3/image/upload HTTP/11" 200 None
DEBUG:2024-10-19 14:57:16,077:https://api.cloudinary.com:443 "POST /v1_1/dxcb59rb3/image/upload HTTP/11" 200 None
DEBUG:2024-10-19 14:57:18,610:https://api.cloudinary.com:443 "POST /v1_1/dxcb59rb3/image/upload HTTP/11" 200 None
DEBUG:2024-10-19 14:57:20,179:https://api.cloudinary.com:443 "POST /v1_1/dxcb59rb3/image/upload HTTP/11" 200 None
DEBUG:2024-10-19 14:57:21,327:https://api.cloudinary.com:443 "POST /v1_1/dxcb59rb3/image/upload HTTP/11" 200 None
DEBUG:2024-10-19 14:57:22,809:https://api.cloudinary.com:443 "POST /v1_1/dxcb59rb3/image/upload HTTP/11" 200 None
DEBUG:2024-10-19 14:57:24,526:https://api.cloudinary.com:443 "POST /v1_1/dxcb59rb3/image/upload HTTP/11" 200 None
DEBUG:2024-10-19 14:57:25,882:https://api.cloudinary.com:443 "POST /v1_1/dxcb59rb3/image/upload HTTP/11" 200 None
DEBUG:2024-10-19 15:23:57,677:Starting new HTTPS connection (1): api.cloudinary.com:443
DEBUG:2024-10-19 15:24:01,797:https://api.cloudinary.com:443 "POST /v1_1/dxcb59rb3/raw/upload HTTP/11" 200 None
DEBUG:2024-10-19 15:24:01,807:Starting new HTTPS connection (1): github.com:443
DEBUG:2024-10-19 15:24:02,651:https://github.com:443 "GET /user-attachments/files/17445579/example.pdf HTTP/11" 302 0
DEBUG:2024-10-19 15:24:02,654:Starting new HTTPS connection (1): objects.githubusercontent.com:443
DEBUG:2024-10-19 15:24:04,258:https://objects.githubusercontent.com:443 "GET /github-production-repository-file-5c1aeb/832810328/17445579?X-Amz-Algorithm=AWS4-HMAC-SHA256&X-Amz-Credential=AKIAVCODYLSA53PQK4ZA%2F20241019%2Fus-east-1%2Fs3%2Faws4_request&X-Amz-Date=20241019T142402Z&X-Amz-Expires=300&X-Amz-Signature=447fe59747a1951b9c3f44f77385078499139f0bf973dcd646529987b4f81e49&X-Amz-SignedHeaders=host&response-content-disposition=attachment%3Bfilename%3Dexample.pdf&response-content-type=application%2Fpdf HTTP/11" 200 2460705
DEBUG:2024-10-19 15:31:59,222:Starting new HTTPS connection (1): api.cloudinary.com:443
DEBUG:2024-10-19 15:32:04,459:https://api.cloudinary.com:443 "POST /v1_1/dxcb59rb3/raw/upload HTTP/11" 200 None
DEBUG:2024-10-19 15:32:05,941:https://api.cloudinary.com:443 "POST /v1_1/dxcb59rb3/image/upload HTTP/11" 200 None
DEBUG:2024-10-19 15:32:07,397:https://api.cloudinary.com:443 "POST /v1_1/dxcb59rb3/image/upload HTTP/11" 200 None
DEBUG:2024-10-19 15:32:08,899:https://api.cloudinary.com:443 "POST /v1_1/dxcb59rb3/image/upload HTTP/11" 200 None
DEBUG:2024-10-19 15:32:10,446:https://api.cloudinary.com:443 "POST /v1_1/dxcb59rb3/image/upload HTTP/11" 200 None
DEBUG:2024-10-19 15:32:13,124:https://api.cloudinary.com:443 "POST /v1_1/dxcb59rb3/image/upload HTTP/11" 200 None
DEBUG:2024-10-19 15:32:15,042:https://api.cloudinary.com:443 "POST /v1_1/dxcb59rb3/image/upload HTTP/11" 200 None
DEBUG:2024-10-19 15:32:17,410:https://api.cloudinary.com:443 "POST /v1_1/dxcb59rb3/image/upload HTTP/11" 200 None
DEBUG:2024-10-19 15:32:19,522:https://api.cloudinary.com:443 "POST /v1_1/dxcb59rb3/image/upload HTTP/11" 200 None
DEBUG:2024-10-19 15:32:20,782:https://api.cloudinary.com:443 "POST /v1_1/dxcb59rb3/image/upload HTTP/11" 200 None
DEBUG:2024-10-19 15:32:22,487:https://api.cloudinary.com:443 "POST /v1_1/dxcb59rb3/image/upload HTTP/11" 200 None
DEBUG:2024-10-19 15:32:25,024:https://api.cloudinary.com:443 "POST /v1_1/dxcb59rb3/image/upload HTTP/11" 200 None
DEBUG:2024-10-19 15:32:26,532:https://api.cloudinary.com:443 "POST /v1_1/dxcb59rb3/image/upload HTTP/11" 200 None
DEBUG:2024-10-19 15:32:28,402:https://api.cloudinary.com:443 "POST /v1_1/dxcb59rb3/image/upload HTTP/11" 200 None
DEBUG:2024-10-19 15:32:31,120:https://api.cloudinary.com:443 "POST /v1_1/dxcb59rb3/image/upload HTTP/11" 200 None
DEBUG:2024-10-19 15:32:32,337:https://api.cloudinary.com:443 "POST /v1_1/dxcb59rb3/image/upload HTTP/11" 200 None
DEBUG:2024-10-19 15:32:35,056:https://api.cloudinary.com:443 "POST /v1_1/dxcb59rb3/image/upload HTTP/11" 200 None
DEBUG:2024-10-19 15:32:36,838:https://api.cloudinary.com:443 "POST /v1_1/dxcb59rb3/image/upload HTTP/11" 200 None
DEBUG:2024-10-19 15:32:38,568:https://api.cloudinary.com:443 "POST /v1_1/dxcb59rb3/image/upload HTTP/11" 200 None
DEBUG:2024-10-19 15:32:40,436:https://api.cloudinary.com:443 "POST /v1_1/dxcb59rb3/image/upload HTTP/11" 200 None
DEBUG:2024-10-19 15:32:42,346:https://api.cloudinary.com:443 "POST /v1_1/dxcb59rb3/image/upload HTTP/11" 200 None
DEBUG:2024-10-19 15:32:45,325:https://api.cloudinary.com:443 "POST /v1_1/dxcb59rb3/image/upload HTTP/11" 200 None
DEBUG:2024-10-19 15:32:47,105:https://api.cloudinary.com:443 "POST /v1_1/dxcb59rb3/image/upload HTTP/11" 200 None
DEBUG:2024-10-19 15:32:48,920:https://api.cloudinary.com:443 "POST /v1_1/dxcb59rb3/image/upload HTTP/11" 200 None
DEBUG:2024-10-19 15:32:50,485:https://api.cloudinary.com:443 "POST /v1_1/dxcb59rb3/image/upload HTTP/11" 200 None
DEBUG:2024-10-19 15:32:52,160:https://api.cloudinary.com:443 "POST /v1_1/dxcb59rb3/image/upload HTTP/11" 200 None
DEBUG:2024-10-19 15:32:53,997:https://api.cloudinary.com:443 "POST /v1_1/dxcb59rb3/image/upload HTTP/11" 200 None
DEBUG:2024-10-19 15:32:55,605:https://api.cloudinary.com:443 "POST /v1_1/dxcb59rb3/image/upload HTTP/11" 200 None
DEBUG:2024-10-19 15:32:57,228:https://api.cloudinary.com:443 "POST /v1_1/dxcb59rb3/image/upload HTTP/11" 200 None
DEBUG:2024-10-19 15:32:59,138:https://api.cloudinary.com:443 "POST /v1_1/dxcb59rb3/image/upload HTTP/11" 200 None
DEBUG:2024-10-19 15:33:01,186:https://api.cloudinary.com:443 "POST /v1_1/dxcb59rb3/image/upload HTTP/11" 200 None
DEBUG:2024-10-19 15:33:02,538:https://api.cloudinary.com:443 "POST /v1_1/dxcb59rb3/image/upload HTTP/11" 200 None
DEBUG:2024-10-19 15:33:04,108:https://api.cloudinary.com:443 "POST /v1_1/dxcb59rb3/image/upload HTTP/11" 200 None
DEBUG:2024-10-19 15:33:05,656:https://api.cloudinary.com:443 "POST /v1_1/dxcb59rb3/image/upload HTTP/11" 200 None
